<?xml version="1.0" encoding="UTF-8"?>
<testng-results skipped="0" failed="0" total="0" passed="0">
  <reporter-output>
  </reporter-output>
  <suite name="runners.TestRunner" duration-ms="41569" started-at="2018-08-16T11:31:23Z" finished-at="2018-08-16T11:32:05Z">
    <groups>
    </groups>
    <test name="Command line test c14d3ef1-4b3e-44ad-935f-63f57a978406" duration-ms="41569" started-at="2018-08-16T11:31:23Z" finished-at="2018-08-16T11:32:05Z">
    </test> <!-- Command line test c14d3ef1-4b3e-44ad-935f-63f57a978406 -->
  </suite> <!-- runners.TestRunner -->
</testng-results>
