<?xml version="1.0" encoding="UTF-8"?>
<testng-results skipped="0" failed="0" total="0" passed="0">
  <reporter-output>
  </reporter-output>
  <suite name="runners.TestRunner" duration-ms="44198" started-at="2018-08-16T10:47:36Z" finished-at="2018-08-16T10:48:20Z">
    <groups>
    </groups>
    <test name="Command line test 8127d068-8654-4efd-ac0f-e692ef7ecfd8" duration-ms="44198" started-at="2018-08-16T10:47:36Z" finished-at="2018-08-16T10:48:20Z">
    </test> <!-- Command line test 8127d068-8654-4efd-ac0f-e692ef7ecfd8 -->
  </suite> <!-- runners.TestRunner -->
</testng-results>
